<?xml version="1.0" encoding="UTF-8"?>
<coverage generated="1648750960399" clover="3.2.0">
  <project timestamp="1648750960399" name="All files">
    <metrics statements="22" coveredstatements="15" conditionals="6" coveredconditionals="2" methods="5" coveredmethods="5" elements="33" coveredelements="22" complexity="0" loc="22" ncloc="22" packages="1" files="3" classes="3"/>
    <file name="practica.ts" path="C:\Users\Usuario\Desktop\Ingeniería en Sistemas\3 año 1 cuatri\Ingeniería de Software II\Ejemplos Typescript\Fundamentos\Practica\practica-typescript\practica.ts">
      <metrics statements="15" coveredstatements="8" conditionals="6" coveredconditionals="2" methods="3" coveredmethods="3"/>
      <line num="1" count="1" type="stmt"/>
      <line num="5" count="1" type="cond" truecount="1" falsecount="1"/>
      <line num="6" count="1" type="stmt"/>
      <line num="9" count="0" type="stmt"/>
      <line num="14" count="1" type="cond" truecount="1" falsecount="3"/>
      <line num="16" count="0" type="stmt"/>
      <line num="17" count="0" type="stmt"/>
      <line num="19" count="1" type="stmt"/>
      <line num="20" count="0" type="stmt"/>
      <line num="22" count="0" type="stmt"/>
      <line num="23" count="0" type="stmt"/>
      <line num="25" count="0" type="stmt"/>
      <line num="30" count="1" type="stmt"/>
      <line num="31" count="1" type="stmt"/>
      <line num="32" count="1" type="stmt"/>
    </file>
    <file name="practicaHija.ts" path="C:\Users\Usuario\Desktop\Ingeniería en Sistemas\3 año 1 cuatri\Ingeniería de Software II\Ejemplos Typescript\Fundamentos\Practica\practica-typescript\practicaHija.ts">
      <metrics statements="5" coveredstatements="5" conditionals="0" coveredconditionals="0" methods="1" coveredmethods="1"/>
      <line num="1" count="1" type="stmt"/>
      <line num="3" count="1" type="stmt"/>
      <line num="5" count="1" type="stmt"/>
      <line num="6" count="1" type="stmt"/>
      <line num="7" count="1" type="stmt"/>
    </file>
    <file name="suma.ts" path="C:\Users\Usuario\Desktop\Ingeniería en Sistemas\3 año 1 cuatri\Ingeniería de Software II\Ejemplos Typescript\Fundamentos\Practica\practica-typescript\suma.ts">
      <metrics statements="2" coveredstatements="2" conditionals="0" coveredconditionals="0" methods="1" coveredmethods="1"/>
      <line num="3" count="1" type="stmt"/>
      <line num="5" count="1" type="stmt"/>
    </file>
  </project>
</coverage>
