<?xml version="1.0" encoding="UTF-8"?>
<coverage generated="1648758603935" clover="3.2.0">
  <project timestamp="1648758603935" name="All files">
    <metrics statements="23" coveredstatements="16" conditionals="6" coveredconditionals="2" methods="6" coveredmethods="6" elements="35" coveredelements="24" complexity="0" loc="23" ncloc="23" packages="1" files="3" classes="3"/>
    <file name="practica.ts" path="C:\Users\Usuario\Desktop\Ingeniería en Sistemas\3 año 1 cuatri\Ingeniería de Software II\Ejemplos Typescript\Fundamentos\Practica\practica-typescript\practica.ts">
      <metrics statements="16" coveredstatements="9" conditionals="6" coveredconditionals="2" methods="4" coveredmethods="4"/>
      <line num="3" count="1" type="stmt"/>
      <line num="6" count="1" type="cond" truecount="1" falsecount="1"/>
      <line num="7" count="1" type="stmt"/>
      <line num="10" count="0" type="stmt"/>
      <line num="15" count="1" type="cond" truecount="1" falsecount="3"/>
      <line num="17" count="0" type="stmt"/>
      <line num="18" count="0" type="stmt"/>
      <line num="20" count="1" type="stmt"/>
      <line num="21" count="0" type="stmt"/>
      <line num="23" count="0" type="stmt"/>
      <line num="24" count="0" type="stmt"/>
      <line num="26" count="0" type="stmt"/>
      <line num="31" count="1" type="stmt"/>
      <line num="32" count="1" type="stmt"/>
      <line num="33" count="1" type="stmt"/>
      <line num="37" count="2" type="stmt"/>
    </file>
    <file name="practicaHija.ts" path="C:\Users\Usuario\Desktop\Ingeniería en Sistemas\3 año 1 cuatri\Ingeniería de Software II\Ejemplos Typescript\Fundamentos\Practica\practica-typescript\practicaHija.ts">
      <metrics statements="5" coveredstatements="5" conditionals="0" coveredconditionals="0" methods="1" coveredmethods="1"/>
      <line num="1" count="1" type="stmt"/>
      <line num="3" count="1" type="stmt"/>
      <line num="5" count="1" type="stmt"/>
      <line num="6" count="1" type="stmt"/>
      <line num="7" count="1" type="stmt"/>
    </file>
    <file name="suma.ts" path="C:\Users\Usuario\Desktop\Ingeniería en Sistemas\3 año 1 cuatri\Ingeniería de Software II\Ejemplos Typescript\Fundamentos\Practica\practica-typescript\suma.ts">
      <metrics statements="2" coveredstatements="2" conditionals="0" coveredconditionals="0" methods="1" coveredmethods="1"/>
      <line num="3" count="1" type="stmt"/>
      <line num="5" count="1" type="stmt"/>
    </file>
  </project>
</coverage>
