{"C:\\Users\\Usuario\\Desktop\\Ingeniería en Sistemas\\3 año 1 cuatri\\Ingeniería de Software II\\Ejemplos Typescript\\Fundamentos\\Practica\\practica-typescript\\practica.ts": {"path":"C:\\Users\\Usuario\\Desktop\\Ingeniería en Sistemas\\3 año 1 cuatri\\Ingeniería de Software II\\Ejemplos Typescript\\Fundamentos\\Practica\\practica-typescript\\practica.ts","statementMap":{"0":{"start":{"line":6,"column":8},"end":{"line":11,"column":null}},"1":{"start":{"line":7,"column":12},"end":{"line":7,"column":32}},"2":{"start":{"line":10,"column":12},"end":{"line":10,"column":36}},"3":{"start":{"line":15,"column":8},"end":{"line":27,"column":null}},"4":{"start":{"line":17,"column":16},"end":{"line":17,"column":25}},"5":{"start":{"line":18,"column":16},"end":{"line":18,"column":22}},"6":{"start":{"line":20,"column":16},"end":{"line":20,"column":25}},"7":{"start":{"line":21,"column":16},"end":{"line":21,"column":22}},"8":{"start":{"line":23,"column":16},"end":{"line":23,"column":25}},"9":{"start":{"line":24,"column":16},"end":{"line":24,"column":22}},"10":{"start":{"line":26,"column":16},"end":{"line":26,"column":31}},"11":{"start":{"line":31,"column":40},"end":{"line":31,"column":82}},"12":{"start":{"line":32,"column":18},"end":{"line":32,"column":31}},"13":{"start":{"line":33,"column":8},"end":{"line":33,"column":19}},"14":{"start":{"line":37,"column":8},"end":{"line":37,"column":21}},"15":{"start":{"line":3,"column":0},"end":{"line":3,"column":13}}},"fnMap":{"0":{"name":"(anonymous_0)","decl":{"start":{"line":5,"column":4},"end":{"line":5,"column":16}},"loc":{"start":{"line":5,"column":36},"end":{"line":12,"column":5}}},"1":{"name":"(anonymous_1)","decl":{"start":{"line":14,"column":4},"end":{"line":14,"column":18}},"loc":{"start":{"line":14,"column":30},"end":{"line":28,"column":5}}},"2":{"name":"(anonymous_2)","decl":{"start":{"line":30,"column":4},"end":{"line":30,"column":16}},"loc":{"start":{"line":30,"column":16},"end":{"line":34,"column":5}}},"3":{"name":"(anonymous_3)","decl":{"start":{"line":36,"column":4},"end":{"line":36,"column":7}},"loc":{"start":{"line":36,"column":22},"end":{"line":38,"column":5}}}},"branchMap":{"0":{"loc":{"start":{"line":6,"column":8},"end":{"line":11,"column":null}},"type":"if","locations":[{"start":{"line":6,"column":8},"end":{"line":11,"column":null}},{"start":{"line":9,"column":13},"end":{"line":11,"column":null}}]},"1":{"loc":{"start":{"line":15,"column":8},"end":{"line":27,"column":null}},"type":"switch","locations":[{"start":{"line":16,"column":12},"end":{"line":18,"column":22}},{"start":{"line":19,"column":12},"end":{"line":21,"column":22}},{"start":{"line":22,"column":12},"end":{"line":24,"column":22}},{"start":{"line":25,"column":12},"end":{"line":26,"column":31}}]}},"s":{"0":1,"1":1,"2":0,"3":1,"4":0,"5":0,"6":1,"7":0,"8":0,"9":0,"10":0,"11":1,"12":1,"13":1,"14":2,"15":1},"f":{"0":1,"1":1,"2":1,"3":2},"b":{"0":[1,0],"1":[0,1,0,0]}}
,"C:\\Users\\Usuario\\Desktop\\Ingeniería en Sistemas\\3 año 1 cuatri\\Ingeniería de Software II\\Ejemplos Typescript\\Fundamentos\\Practica\\practica-typescript\\practicaHija.ts": {"path":"C:\\Users\\Usuario\\Desktop\\Ingeniería en Sistemas\\3 año 1 cuatri\\Ingeniería de Software II\\Ejemplos Typescript\\Fundamentos\\Practica\\practica-typescript\\practicaHija.ts","statementMap":{"0":{"start":{"line":1,"column":0},"end":{"line":1,"column":38}},"1":{"start":{"line":5,"column":38},"end":{"line":5,"column":80}},"2":{"start":{"line":6,"column":18},"end":{"line":6,"column":31}},"3":{"start":{"line":7,"column":8},"end":{"line":7,"column":19}},"4":{"start":{"line":3,"column":0},"end":{"line":3,"column":13}}},"fnMap":{"0":{"name":"(anonymous_0)","decl":{"start":{"line":4,"column":4},"end":{"line":4,"column":16}},"loc":{"start":{"line":4,"column":16},"end":{"line":8,"column":5}}}},"branchMap":{},"s":{"0":1,"1":1,"2":1,"3":1,"4":1},"f":{"0":1},"b":{}}
,"C:\\Users\\Usuario\\Desktop\\Ingeniería en Sistemas\\3 año 1 cuatri\\Ingeniería de Software II\\Ejemplos Typescript\\Fundamentos\\Practica\\practica-typescript\\suma.ts": {"path":"C:\\Users\\Usuario\\Desktop\\Ingeniería en Sistemas\\3 año 1 cuatri\\Ingeniería de Software II\\Ejemplos Typescript\\Fundamentos\\Practica\\practica-typescript\\suma.ts","statementMap":{"0":{"start":{"line":5,"column":8},"end":{"line":5,"column":19}},"1":{"start":{"line":3,"column":0},"end":{"line":3,"column":13}}},"fnMap":{"0":{"name":"(anonymous_0)","decl":{"start":{"line":4,"column":4},"end":{"line":4,"column":13}},"loc":{"start":{"line":4,"column":34},"end":{"line":6,"column":5}}}},"branchMap":{},"s":{"0":1,"1":1},"f":{"0":1},"b":{}}
}
