TN:
SF:practica.ts
FN:4,(anonymous_0)
FN:13,(anonymous_1)
FN:29,(anonymous_2)
FNF:3
FNH:3
FNDA:1,(anonymous_0)
FNDA:1,(anonymous_1)
FNDA:1,(anonymous_2)
DA:1,1
DA:5,1
DA:6,1
DA:9,0
DA:14,1
DA:16,0
DA:17,0
DA:19,1
DA:20,0
DA:22,0
DA:23,0
DA:25,0
DA:30,1
DA:31,1
DA:32,1
LF:15
LH:8
BRDA:5,0,0,1
BRDA:5,0,1,0
BRDA:14,1,0,0
BRDA:14,1,1,1
BRDA:14,1,2,0
BRDA:14,1,3,0
BRF:6
BRH:2
end_of_record
TN:
SF:practicaHija.ts
FN:4,(anonymous_0)
FNF:1
FNH:1
FNDA:1,(anonymous_0)
DA:1,1
DA:3,1
DA:5,1
DA:6,1
DA:7,1
LF:5
LH:5
BRF:0
BRH:0
end_of_record
TN:
SF:suma.ts
FN:4,(anonymous_0)
FNF:1
FNH:1
FNDA:1,(anonymous_0)
DA:3,1
DA:5,1
LF:2
LH:2
BRF:0
BRH:0
end_of_record
